# JRE version: Java(TM) SE Runtime Environment (8.0_101-b13) (build 1.8.0_101-b13)
# Java VM: Java HotSpot(TM) 64-Bit Server VM (25.101-b13 mixed mode windows-amd64 compressed oops)
Heap:
 PSYoungGen      total 681984K, used 679411K [0x00000000d5d00000, 0x0000000100000000, 0x0000000100000000)
  eden space 672768K, 99% used [0x00000000d5d00000,0x00000000fec39578,0x00000000fee00000)
  from space 9216K, 91% used [0x00000000ff700000,0x00000000fff43978,0x0000000100000000)
  to   space 9216K, 0% used [0x00000000fee00000,0x00000000fee00000,0x00000000ff700000)
 ParOldGen       total 202240K, used 129767K [0x0000000081600000, 0x000000008db80000, 0x00000000d5d00000)
  object space 202240K, 64% used [0x0000000081600000,0x00000000894b9e28,0x000000008db80000)
 Metaspace       used 10382K, capacity 10490K, committed 10752K, reserved 1058816K
  class space    used 1134K, capacity 1172K, committed 1280K, reserved 1048576K
GC Heap History (10 events):
Event: 2225.069 GC heap before
{Heap before GC invocations=16580 (full 156):
 PSYoungGen      total 680448K, used 679258K [0x00000000d5d00000, 0x00000000fff00000, 0x0000000100000000)
  eden space 671744K, 99% used [0x00000000d5d00000,0x00000000fec135e8,0x00000000fed00000)
  from space 8704K, 97% used [0x00000000fed00000,0x00000000ff543350,0x00000000ff580000)
  to   space 9216K, 0% used [0x00000000ff600000,0x00000000ff600000,0x00000000fff00000)
 ParOldGen       total 202240K, used 125552K [0x0000000081600000, 0x000000008db80000, 0x00000000d5d00000)
  object space 202240K, 62% used [0x0000000081600000,0x000000008909c208,0x000000008db80000)
 Metaspace       used 10382K, capacity 10490K, committed 10752K, reserved 1058816K
  class space    used 1134K, capacity 1172K, committed 1280K, reserved 1048576K
Event: 2225.071 GC heap after
Heap after GC invocations=16580 (full 156):
 PSYoungGen      total 680960K, used 8493K [0x00000000d5d00000, 0x0000000100000000, 0x0000000100000000)
  eden space 671744K, 0% used [0x00000000d5d00000,0x00000000d5d00000,0x00000000fed00000)
  from space 9216K, 92% used [0x00000000ff600000,0x00000000ffe4b488,0x00000000fff00000)
  to   space 9216K, 0% used [0x00000000fed00000,0x00000000fed00000,0x00000000ff600000)
 ParOldGen       total 202240K, used 125552K [0x0000000081600000, 0x000000008db80000, 0x00000000d5d00000)
  object space 202240K, 62% used [0x0000000081600000,0x000000008909c208,0x000000008db80000)
 Metaspace       used 10382K, capacity 10490K, committed 10752K, reserved 1058816K
  class space    used 1134K, capacity 1172K, committed 1280K, reserved 1048576K
}
Event: 2225.233 GC heap before
{Heap before GC invocations=16581 (full 156):
 PSYoungGen      total 680960K, used 679314K [0x00000000d5d00000, 0x0000000100000000, 0x0000000100000000)
  eden space 671744K, 99% used [0x00000000d5d00000,0x00000000fec195d8,0x00000000fed00000)
  from space 9216K, 92% used [0x00000000ff600000,0x00000000ffe4b488,0x00000000fff00000)
  to   space 9216K, 0% used [0x00000000fed00000,0x00000000fed00000,0x00000000ff600000)
 ParOldGen       total 202240K, used 125552K [0x0000000081600000, 0x000000008db80000, 0x00000000d5d00000)
  object space 202240K, 62% used [0x0000000081600000,0x000000008909c208,0x000000008db80000)
 Metaspace       used 10382K, capacity 10490K, committed 10752K, reserved 1058816K
  class space    used 1134K, capacity 1172K, committed 1280K, reserved 1048576K
Event: 2225.235 GC heap after
Heap after GC invocations=16581 (full 156):
 PSYoungGen      total 680960K, used 8493K [0x00000000d5d00000, 0x0000000100000000, 0x0000000100000000)
  eden space 671744K, 0% used [0x00000000d5d00000,0x00000000d5d00000,0x00000000fed00000)
  from space 9216K, 92% used [0x00000000fed00000,0x00000000ff54b5c0,0x00000000ff600000)
  to   space 9216K, 0% used [0x00000000ff700000,0x00000000ff700000,0x0000000100000000)
 ParOldGen       total 202240K, used 125552K [0x0000000081600000, 0x000000008db80000, 0x00000000d5d00000)
  object space 202240K, 62% used [0x0000000081600000,0x000000008909c208,0x000000008db80000)
 Metaspace       used 10382K, capacity 10490K, committed 10752K, reserved 1058816K
  class space    used 1134K, capacity 1172K, committed 1280K, reserved 1048576K
}
Event: 2225.396 GC heap before
{Heap before GC invocations=16582 (full 156):
 PSYoungGen      total 680960K, used 679338K [0x00000000d5d00000, 0x0000000100000000, 0x0000000100000000)
  eden space 671744K, 99% used [0x00000000d5d00000,0x00000000fec1f5f0,0x00000000fed00000)
  from space 9216K, 92% used [0x00000000fed00000,0x00000000ff54b5c0,0x00000000ff600000)
  to   space 9216K, 0% used [0x00000000ff700000,0x00000000ff700000,0x0000000100000000)
 ParOldGen       total 202240K, used 125552K [0x0000000081600000, 0x000000008db80000, 0x00000000d5d00000)
  object space 202240K, 62% used [0x0000000081600000,0x000000008909c208,0x000000008db80000)
 Metaspace       used 10382K, capacity 10490K, committed 10752K, reserved 1058816K
  class space    used 1134K, capacity 1172K, committed 1280K, reserved 1048576K
Event: 2225.398 GC heap after
Heap after GC invocations=16582 (full 156):
 PSYoungGen      total 681984K, used 8493K [0x00000000d5d00000, 0x0000000100000000, 0x0000000100000000)
  eden space 672768K, 0% used [0x00000000d5d00000,0x00000000d5d00000,0x00000000fee00000)
  from space 9216K, 92% used [0x00000000ff700000,0x00000000fff4b700,0x0000000100000000)
  to   space 9216K, 0% used [0x00000000fee00000,0x00000000fee00000,0x00000000ff700000)
 ParOldGen       total 202240K, used 125552K [0x0000000081600000, 0x000000008db80000, 0x00000000d5d00000)
  object space 202240K, 62% used [0x0000000081600000,0x000000008909c208,0x000000008db80000)
 Metaspace       used 10382K, capacity 10490K, committed 10752K, reserved 1058816K
  class space    used 1134K, capacity 1172K, committed 1280K, reserved 1048576K
}
Event: 2225.558 GC heap before
{Heap before GC invocations=16583 (full 156):
 PSYoungGen      total 681984K, used 679383K [0x00000000d5d00000, 0x0000000100000000, 0x0000000100000000)
  eden space 672768K, 99% used [0x00000000d5d00000,0x00000000fec2a790,0x00000000fee00000)
  from space 9216K, 92% used [0x00000000ff700000,0x00000000fff4b700,0x0000000100000000)
  to   space 9216K, 0% used [0x00000000fee00000,0x00000000fee00000,0x00000000ff700000)
 ParOldGen       total 202240K, used 125552K [0x0000000081600000, 0x000000008db80000, 0x00000000d5d00000)
  object space 202240K, 62% used [0x0000000081600000,0x000000008909c208,0x000000008db80000)
 Metaspace       used 10382K, capacity 10490K, committed 10752K, reserved 1058816K
  class space    used 1134K, capacity 1172K, committed 1280K, reserved 1048576K
Event: 2225.560 GC heap after
Heap after GC invocations=16583 (full 156):
 PSYoungGen      total 681984K, used 8494K [0x00000000d5d00000, 0x0000000100000000, 0x0000000100000000)
  eden space 672768K, 0% used [0x00000000d5d00000,0x00000000d5d00000,0x00000000fee00000)
  from space 9216K, 92% used [0x00000000fee00000,0x00000000ff64b838,0x00000000ff700000)
  to   space 9216K, 0% used [0x00000000ff700000,0x00000000ff700000,0x0000000100000000)
 ParOldGen       total 202240K, used 129767K [0x0000000081600000, 0x000000008db80000, 0x00000000d5d00000)
  object space 202240K, 64% used [0x0000000081600000,0x00000000894b9e28,0x000000008db80000)
 Metaspace       used 10382K, capacity 10490K, committed 10752K, reserved 1058816K
  class space    used 1134K, capacity 1172K, committed 1280K, reserved 1048576K
}
Event: 2225.721 GC heap before
{Heap before GC invocations=16584 (full 156):
 PSYoungGen      total 681984K, used 679408K [0x00000000d5d00000, 0x0000000100000000, 0x0000000100000000)
  eden space 672768K, 99% used [0x00000000d5d00000,0x00000000fec307c8,0x00000000fee00000)
  from space 9216K, 92% used [0x00000000fee00000,0x00000000ff64b838,0x00000000ff700000)
  to   space 9216K, 0% used [0x00000000ff700000,0x00000000ff700000,0x0000000100000000)
 ParOldGen       total 202240K, used 129767K [0x0000000081600000, 0x000000008db80000, 0x00000000d5d00000)
  object space 202240K, 64% used [0x0000000081600000,0x00000000894b9e28,0x000000008db80000)
 Metaspace       used 10382K, capacity 10490K, committed 10752K, reserved 1058816K
  class space    used 1134K, capacity 1172K, committed 1280K, reserved 1048576K
Event: 2225.722 GC heap after
Heap after GC invocations=16584 (full 156):
 PSYoungGen      total 681984K, used 8462K [0x00000000d5d00000, 0x0000000100000000, 0x0000000100000000)
  eden space 672768K, 0% used [0x00000000d5d00000,0x00000000d5d00000,0x00000000fee00000)
  from space 9216K, 91% used [0x00000000ff700000,0x00000000fff43978,0x0000000100000000)
  to   space 9216K, 0% used [0x00000000fee00000,0x00000000fee00000,0x00000000ff700000)
 ParOldGen       total 202240K, used 129767K [0x0000000081600000, 0x000000008db80000, 0x00000000d5d00000)
  object space 202240K, 64% used [0x0000000081600000,0x00000000894b9e28,0x000000008db80000)
 Metaspace       used 10382K, capacity 10490K, committed 10752K, reserved 1058816K
  class space    used 1134K, capacity 1172K, committed 1280K, reserved 1048576K
}

